#! /c/Source/iverilog-install/bin/vvp
:ivl_version "12.0 (devel)" "(s20150603-1539-g2693dd32b)";
:ivl_delay_selection "TYPICAL";
:vpi_time_precision + 0;
:vpi_module "D:\iverilog\lib\ivl\system.vpi";
:vpi_module "D:\iverilog\lib\ivl\vhdl_sys.vpi";
:vpi_module "D:\iverilog\lib\ivl\vhdl_textio.vpi";
:vpi_module "D:\iverilog\lib\ivl\v2005_math.vpi";
:vpi_module "D:\iverilog\lib\ivl\va_math.vpi";
S_000001e8aea66550 .scope module, "demux_tb" "demux_tb" 2 9;
 .timescale 0 0;
v000001e8aea56490_0 .net "I0", 0 0, L_000001e8aeaaf8e0;  1 drivers
v000001e8aea56530_0 .net "I1", 0 0, L_000001e8aea632c0;  1 drivers
v000001e8aea565d0_0 .net "I2", 0 0, L_000001e8aea62e60;  1 drivers
v000001e8aeaaf840_0 .net "I3", 0 0, L_000001e8aea63170;  1 drivers
v000001e8aea60fb0_0 .var "In", 0 0;
v000001e8aea61a50_0 .var "S0", 0 0;
S_000001e8aea666e0 .scope module, "d1" "demux" 2 12, 2 1 0, S_000001e8aea66550;
 .timescale 0 0;
    .port_info 0 /OUTPUT 1 "I0";
    .port_info 1 /OUTPUT 1 "I1";
    .port_info 2 /OUTPUT 1 "I2";
    .port_info 3 /OUTPUT 1 "I3";
    .port_info 4 /INPUT 1 "S0";
    .port_info 5 /INPUT 1 "In";
L_000001e8aea32b20 .functor NOT 1, v000001e8aea61a50_0, C4<0>, C4<0>, C4<0>;
L_000001e8ae91b1a0 .functor NOT 1, v000001e8aea60fb0_0, C4<0>, C4<0>, C4<0>;
L_000001e8aeaaf8e0 .functor AND 1, L_000001e8aea32b20, L_000001e8ae91b1a0, C4<1>, C4<1>;
L_000001e8aeaaf950 .functor NOT 1, v000001e8aea61a50_0, C4<0>, C4<0>, C4<0>;
L_000001e8aea632c0 .functor AND 1, L_000001e8aeaaf950, v000001e8aea60fb0_0, C4<1>, C4<1>;
L_000001e8aea62df0 .functor NOT 1, v000001e8aea60fb0_0, C4<0>, C4<0>, C4<0>;
L_000001e8aea62e60 .functor AND 1, v000001e8aea61a50_0, L_000001e8aea62df0, C4<1>, C4<1>;
L_000001e8aea63170 .functor AND 1, v000001e8aea61a50_0, v000001e8aea60fb0_0, C4<1>, C4<1>;
v000001e8ae91b100_0 .net "I0", 0 0, L_000001e8aeaaf8e0;  alias, 1 drivers
v000001e8aea66870_0 .net "I1", 0 0, L_000001e8aea632c0;  alias, 1 drivers
v000001e8aea66910_0 .net "I2", 0 0, L_000001e8aea62e60;  alias, 1 drivers
v000001e8aea56030_0 .net "I3", 0 0, L_000001e8aea63170;  alias, 1 drivers
v000001e8aea560d0_0 .net "In", 0 0, v000001e8aea60fb0_0;  1 drivers
v000001e8aea56170_0 .net "S0", 0 0, v000001e8aea61a50_0;  1 drivers
v000001e8aea56210_0 .net *"_ivl_0", 0 0, L_000001e8aea32b20;  1 drivers
v000001e8aea562b0_0 .net *"_ivl_10", 0 0, L_000001e8aea62df0;  1 drivers
v000001e8aea56350_0 .net *"_ivl_2", 0 0, L_000001e8ae91b1a0;  1 drivers
v000001e8aea563f0_0 .net *"_ivl_6", 0 0, L_000001e8aeaaf950;  1 drivers
    .scope S_000001e8aea66550;
T_0 ;
    %pushi/vec4 0, 0, 1;
    %store/vec4 v000001e8aea61a50_0, 0, 1;
    %pushi/vec4 0, 0, 1;
    %store/vec4 v000001e8aea60fb0_0, 0, 1;
    %vpi_call 2 15 "$monitor", "Time=%0t , S=%b, In=%b, I0=%b, I1=%b, I2=%b, I3=%b", $time, v000001e8aea61a50_0, v000001e8aea60fb0_0, v000001e8aea56490_0, v000001e8aea56530_0, v000001e8aea565d0_0, v000001e8aeaaf840_0 {0 0 0};
    %delay 10, 0;
    %pushi/vec4 0, 0, 1;
    %store/vec4 v000001e8aea61a50_0, 0, 1;
    %pushi/vec4 1, 0, 1;
    %store/vec4 v000001e8aea60fb0_0, 0, 1;
    %delay 10, 0;
    %pushi/vec4 1, 0, 1;
    %store/vec4 v000001e8aea61a50_0, 0, 1;
    %pushi/vec4 0, 0, 1;
    %store/vec4 v000001e8aea60fb0_0, 0, 1;
    %delay 10, 0;
    %pushi/vec4 1, 0, 1;
    %store/vec4 v000001e8aea61a50_0, 0, 1;
    %pushi/vec4 1, 0, 1;
    %store/vec4 v000001e8aea60fb0_0, 0, 1;
    %end;
    .thread T_0;
# The file index is used to find the file name in the following table.
:file_names 3;
    "N/A";
    "<interactive>";
    "Lab3_Assign_q5.v";
