#! /c/Source/iverilog-install/bin/vvp
:ivl_version "12.0 (devel)" "(s20150603-1539-g2693dd32b)";
:ivl_delay_selection "TYPICAL";
:vpi_time_precision + 0;
:vpi_module "D:\iverilog\lib\ivl\system.vpi";
:vpi_module "D:\iverilog\lib\ivl\vhdl_sys.vpi";
:vpi_module "D:\iverilog\lib\ivl\vhdl_textio.vpi";
:vpi_module "D:\iverilog\lib\ivl\v2005_math.vpi";
:vpi_module "D:\iverilog\lib\ivl\va_math.vpi";
S_00000271fde96a60 .scope module, "T_flip_tb" "T_flip_tb" 2 19;
 .timescale 0 0;
v00000271fdedcc40_0 .net "J", 0 0, v00000271fde62720_0;  1 drivers
v00000271fdedcce0_0 .net "K", 0 0, v00000271fe00bd70_0;  1 drivers
v00000271fdedcd80_0 .net "Q", 0 0, v00000271fe00be10_0;  1 drivers
v00000271fdedce20_0 .var "T", 0 0;
v00000271fdedcec0_0 .var "clk", 0 0;
v00000271fde627c0_0 .var "reset", 0 0;
S_00000271fde96bf0 .scope module, "t1" "T_flip" 2 22, 2 1 0, S_00000271fde96a60;
 .timescale 0 0;
    .port_info 0 /INPUT 1 "T";
    .port_info 1 /OUTPUT 1 "J";
    .port_info 2 /OUTPUT 1 "K";
    .port_info 3 /INPUT 1 "clk";
    .port_info 4 /OUTPUT 1 "Q";
    .port_info 5 /INPUT 1 "reset";
v00000271fde62720_0 .var "J", 0 0;
v00000271fe00bd70_0 .var "K", 0 0;
v00000271fe00be10_0 .var "Q", 0 0;
v00000271fde94690_0 .net "T", 0 0, v00000271fdedce20_0;  1 drivers
v00000271fde94730_0 .net "clk", 0 0, v00000271fdedcec0_0;  1 drivers
v00000271fde947d0_0 .net "reset", 0 0, v00000271fde627c0_0;  1 drivers
E_00000271fe008420 .event negedge, v00000271fde94730_0;
    .scope S_00000271fde96bf0;
T_0 ;
    %wait E_00000271fe008420;
    %load/vec4 v00000271fde94690_0;
    %store/vec4 v00000271fde62720_0, 0, 1;
    %load/vec4 v00000271fde94690_0;
    %store/vec4 v00000271fe00bd70_0, 0, 1;
    %load/vec4 v00000271fde947d0_0;
    %flag_set/vec4 8;
    %jmp/0xz  T_0.0, 8;
    %pushi/vec4 0, 0, 1;
    %store/vec4 v00000271fe00be10_0, 0, 1;
    %jmp T_0.1;
T_0.0 ;
    %load/vec4 v00000271fde94690_0;
    %flag_set/vec4 8;
    %jmp/0xz  T_0.2, 8;
    %load/vec4 v00000271fe00be10_0;
    %inv;
    %store/vec4 v00000271fe00be10_0, 0, 1;
    %jmp T_0.3;
T_0.2 ;
    %load/vec4 v00000271fe00be10_0;
    %store/vec4 v00000271fe00be10_0, 0, 1;
T_0.3 ;
T_0.1 ;
    %jmp T_0;
    .thread T_0;
    .scope S_00000271fde96a60;
T_1 ;
    %delay 10, 0;
    %load/vec4 v00000271fdedcec0_0;
    %inv;
    %store/vec4 v00000271fdedcec0_0, 0, 1;
    %jmp T_1;
    .thread T_1;
    .scope S_00000271fde96a60;
T_2 ;
    %pushi/vec4 0, 0, 1;
    %store/vec4 v00000271fdedce20_0, 0, 1;
    %pushi/vec4 0, 0, 1;
    %store/vec4 v00000271fdedcec0_0, 0, 1;
    %pushi/vec4 1, 0, 1;
    %store/vec4 v00000271fde627c0_0, 0, 1;
    %vpi_call 2 26 "$monitor", "Time: %0t, T=%b, J=%b, K=%b, Clk=%b, Q=%b", $time, v00000271fdedce20_0, v00000271fdedcc40_0, v00000271fdedcce0_0, v00000271fdedcec0_0, v00000271fdedcd80_0 {0 0 0};
    %delay 10, 0;
    %pushi/vec4 0, 0, 1;
    %store/vec4 v00000271fde627c0_0, 0, 1;
    %delay 10, 0;
    %pushi/vec4 1, 0, 1;
    %store/vec4 v00000271fdedce20_0, 0, 1;
    %delay 10, 0;
    %pushi/vec4 1, 0, 1;
    %store/vec4 v00000271fdedce20_0, 0, 1;
    %delay 10, 0;
    %pushi/vec4 1, 0, 1;
    %store/vec4 v00000271fdedce20_0, 0, 1;
    %delay 10, 0;
    %pushi/vec4 0, 0, 1;
    %store/vec4 v00000271fdedce20_0, 0, 1;
    %delay 10, 0;
    %pushi/vec4 0, 0, 1;
    %store/vec4 v00000271fdedce20_0, 0, 1;
    %delay 10, 0;
    %pushi/vec4 0, 0, 1;
    %store/vec4 v00000271fdedce20_0, 0, 1;
    %delay 10, 0;
    %vpi_call 2 34 "$finish" {0 0 0};
    %end;
    .thread T_2;
# The file index is used to find the file name in the following table.
:file_names 3;
    "N/A";
    "<interactive>";
    "Lab4_T_usingJK.v";
